<?xml version="1.0" encoding="UTF-8"?>
<!-- Generated by org.testng.reporters.JUnitReportReporter -->
<testsuite hostname="WLA20FXJ" failures="0" tests="2" name="com.demo.qa.testcases.FlightBookingTest" time="9.879" errors="0" timestamp="2021-12-19T23:33:13 IST" skipped="0">
  <testcase classname="com.demo.qa.testcases.FlightBookingTest" name="flightBookingTest" time="5.052"/>
  <testcase classname="com.demo.qa.testcases.FlightBookingTest" name="flightBookingTest" time="4.827"/>
</testsuite> <!-- com.demo.qa.testcases.FlightBookingTest -->
